0 silly argv {
0 silly argv   _: [ 'exec' ],
0 silly argv   parallel: true,
0 silly argv   args: [],
0 silly argv   '--': [
0 silly argv     'babel',
0 silly argv     '--root-mode',
0 silly argv     'upward',
0 silly argv     'src',
0 silly argv     '-d',
0 silly argv     'lib',
0 silly argv     '--ignore',
0 silly argv     '**/*.story.js,**/*.spec.js'
0 silly argv   ],
0 silly argv   lernaVersion: '3.22.1',
0 silly argv   '$0': '/Users/ozeassantos/Job/Hash/spike-hash/node_modules/.bin/lerna'
0 silly argv }
1 notice cli v3.22.1
2 verbose rootPath /Users/ozeassantos/Job/Hash/spike-hash
3 info versioning independent
4 error Error: Invalid tag name "ˆ16.13.1": Tags may not have any characters that encodeURIComponent encodes.
4 error     at invalidTagName (/Users/ozeassantos/Job/Hash/spike-hash/node_modules/npm-package-arg/npa.js:91:15)
4 error     at fromRegistry (/Users/ozeassantos/Job/Hash/spike-hash/node_modules/npm-package-arg/npa.js:296:13)
4 error     at Function.resolve (/Users/ozeassantos/Job/Hash/spike-hash/node_modules/npm-package-arg/npa.js:81:12)
4 error     at /Users/ozeassantos/Job/Hash/spike-hash/node_modules/@lerna/package-graph/index.js:61:30
4 error     at Array.forEach (<anonymous>)
4 error     at /Users/ozeassantos/Job/Hash/spike-hash/node_modules/@lerna/package-graph/index.js:55:38
4 error     at Map.forEach (<anonymous>)
4 error     at new PackageGraph (/Users/ozeassantos/Job/Hash/spike-hash/node_modules/@lerna/package-graph/index.js:44:10)
